# JRE version: Java(TM) SE Runtime Environment (8.0_172-b11) (build 1.8.0_172-b11)
# Java VM: Java HotSpot(TM) 64-Bit Server VM (25.172-b11 mixed mode windows-amd64 compressed oops)
Heap:
 PSYoungGen      total 400896K, used 282286K [0x000000076ab80000, 0x0000000794180000, 0x00000007c0000000)
  eden space 384000K, 69% used [0x000000076ab80000,0x000000077aeb1750,0x0000000782280000)
  from space 16896K, 99% used [0x0000000782280000,0x00000007832fa130,0x0000000783300000)
  to   space 39936K, 0% used [0x0000000791a80000,0x0000000791a80000,0x0000000794180000)
 ParOldGen       total 137728K, used 64103K [0x00000006c0200000, 0x00000006c8880000, 0x000000076ab80000)
  object space 137728K, 46% used [0x00000006c0200000,0x00000006c4099e60,0x00000006c8880000)
 Metaspace       used 45797K, capacity 46420K, committed 46592K, reserved 1089536K
  class space    used 5630K, capacity 5769K, committed 5888K, reserved 1048576K
GC Heap History (10 events):
Event: 6.299 GC heap before
{Heap before GC invocations=5 (full 1):
 PSYoungGen      total 141824K, used 131072K [0x000000076ab80000, 0x000000077c080000, 0x00000007c0000000)
  eden space 131072K, 100% used [0x000000076ab80000,0x0000000772b80000,0x0000000772b80000)
  from space 10752K, 0% used [0x0000000772b80000,0x0000000772b80000,0x0000000773600000)
  to   space 10752K, 0% used [0x000000077b600000,0x000000077b600000,0x000000077c080000)
 ParOldGen       total 87552K, used 6992K [0x00000006c0200000, 0x00000006c5780000, 0x000000076ab80000)
  object space 87552K, 7% used [0x00000006c0200000,0x00000006c08d4228,0x00000006c5780000)
 Metaspace       used 27108K, capacity 27410K, committed 27776K, reserved 1073152K
  class space    used 3304K, capacity 3380K, committed 3456K, reserved 1048576K
Event: 6.314 GC heap after
Heap after GC invocations=5 (full 1):
 PSYoungGen      total 236544K, used 8844K [0x000000076ab80000, 0x000000077bf00000, 0x00000007c0000000)
  eden space 227328K, 0% used [0x000000076ab80000,0x000000076ab80000,0x0000000778980000)
  from space 9216K, 95% used [0x000000077b600000,0x000000077bea3210,0x000000077bf00000)
  to   space 10752K, 0% used [0x000000077aa00000,0x000000077aa00000,0x000000077b480000)
 ParOldGen       total 87552K, used 7000K [0x00000006c0200000, 0x00000006c5780000, 0x000000076ab80000)
  object space 87552K, 7% used [0x00000006c0200000,0x00000006c08d6228,0x00000006c5780000)
 Metaspace       used 27108K, capacity 27410K, committed 27776K, reserved 1073152K
  class space    used 3304K, capacity 3380K, committed 3456K, reserved 1048576K
}
Event: 10.002 GC heap before
{Heap before GC invocations=6 (full 1):
 PSYoungGen      total 236544K, used 160085K [0x000000076ab80000, 0x000000077bf00000, 0x00000007c0000000)
  eden space 227328K, 66% used [0x000000076ab80000,0x0000000773f323e0,0x0000000778980000)
  from space 9216K, 95% used [0x000000077b600000,0x000000077bea3210,0x000000077bf00000)
  to   space 10752K, 0% used [0x000000077aa00000,0x000000077aa00000,0x000000077b480000)
 ParOldGen       total 87552K, used 7000K [0x00000006c0200000, 0x00000006c5780000, 0x000000076ab80000)
  object space 87552K, 7% used [0x00000006c0200000,0x00000006c08d6228,0x00000006c5780000)
 Metaspace       used 34943K, capacity 35334K, committed 35496K, reserved 1081344K
  class space    used 4250K, capacity 4344K, committed 4352K, reserved 1048576K
Event: 10.033 GC heap after
Heap after GC invocations=6 (full 1):
 PSYoungGen      total 271360K, used 10723K [0x000000076ab80000, 0x0000000784380000, 0x00000007c0000000)
  eden space 260608K, 0% used [0x000000076ab80000,0x000000076ab80000,0x000000077aa00000)
  from space 10752K, 99% used [0x000000077aa00000,0x000000077b478c08,0x000000077b480000)
  to   space 16896K, 0% used [0x0000000783300000,0x0000000783300000,0x0000000784380000)
 ParOldGen       total 87552K, used 13907K [0x00000006c0200000, 0x00000006c5780000, 0x000000076ab80000)
  object space 87552K, 15% used [0x00000006c0200000,0x00000006c0f94e20,0x00000006c5780000)
 Metaspace       used 34943K, capacity 35334K, committed 35496K, reserved 1081344K
  class space    used 4250K, capacity 4344K, committed 4352K, reserved 1048576K
}
Event: 10.033 GC heap before
{Heap before GC invocations=7 (full 2):
 PSYoungGen      total 271360K, used 10723K [0x000000076ab80000, 0x0000000784380000, 0x00000007c0000000)
  eden space 260608K, 0% used [0x000000076ab80000,0x000000076ab80000,0x000000077aa00000)
  from space 10752K, 99% used [0x000000077aa00000,0x000000077b478c08,0x000000077b480000)
  to   space 16896K, 0% used [0x0000000783300000,0x0000000783300000,0x0000000784380000)
 ParOldGen       total 87552K, used 13907K [0x00000006c0200000, 0x00000006c5780000, 0x000000076ab80000)
  object space 87552K, 15% used [0x00000006c0200000,0x00000006c0f94e20,0x00000006c5780000)
 Metaspace       used 34943K, capacity 35334K, committed 35496K, reserved 1081344K
  class space    used 4250K, capacity 4344K, committed 4352K, reserved 1048576K
Event: 10.171 GC heap after
Heap after GC invocations=7 (full 2):
 PSYoungGen      total 271360K, used 0K [0x000000076ab80000, 0x0000000784380000, 0x00000007c0000000)
  eden space 260608K, 0% used [0x000000076ab80000,0x000000076ab80000,0x000000077aa00000)
  from space 10752K, 0% used [0x000000077aa00000,0x000000077aa00000,0x000000077b480000)
  to   space 16896K, 0% used [0x0000000783300000,0x0000000783300000,0x0000000784380000)
 ParOldGen       total 137728K, used 22836K [0x00000006c0200000, 0x00000006c8880000, 0x000000076ab80000)
  object space 137728K, 16% used [0x00000006c0200000,0x00000006c184d078,0x00000006c8880000)
 Metaspace       used 34943K, capacity 35334K, committed 35496K, reserved 1081344K
  class space    used 4250K, capacity 4344K, committed 4352K, reserved 1048576K
}
Event: 13.456 GC heap before
{Heap before GC invocations=8 (full 2):
 PSYoungGen      total 271360K, used 260608K [0x000000076ab80000, 0x0000000784380000, 0x00000007c0000000)
  eden space 260608K, 100% used [0x000000076ab80000,0x000000077aa00000,0x000000077aa00000)
  from space 10752K, 0% used [0x000000077aa00000,0x000000077aa00000,0x000000077b480000)
  to   space 16896K, 0% used [0x0000000783300000,0x0000000783300000,0x0000000784380000)
 ParOldGen       total 137728K, used 22836K [0x00000006c0200000, 0x00000006c8880000, 0x000000076ab80000)
  object space 137728K, 16% used [0x00000006c0200000,0x00000006c184d078,0x00000006c8880000)
 Metaspace       used 42454K, capacity 43028K, committed 43392K, reserved 1087488K
  class space    used 5239K, capacity 5379K, committed 5504K, reserved 1048576K
Event: 13.492 GC heap after
Heap after GC invocations=8 (full 2):
 PSYoungGen      total 400896K, used 12217K [0x000000076ab80000, 0x0000000786200000, 0x00000007c0000000)
  eden space 384000K, 0% used [0x000000076ab80000,0x000000076ab80000,0x0000000782280000)
  from space 16896K, 72% used [0x0000000783300000,0x0000000783eee680,0x0000000784380000)
  to   space 16896K, 0% used [0x0000000782280000,0x0000000782280000,0x0000000783300000)
 ParOldGen       total 137728K, used 22844K [0x00000006c0200000, 0x00000006c8880000, 0x000000076ab80000)
  object space 137728K, 16% used [0x00000006c0200000,0x00000006c184f078,0x00000006c8880000)
 Metaspace       used 42454K, capacity 43028K, committed 43392K, reserved 1087488K
  class space    used 5239K, capacity 5379K, committed 5504K, reserved 1048576K
}
Event: 19.400 GC heap before
{Heap before GC invocations=9 (full 2):
 PSYoungGen      total 400896K, used 396217K [0x000000076ab80000, 0x0000000786200000, 0x00000007c0000000)
  eden space 384000K, 100% used [0x000000076ab80000,0x0000000782280000,0x0000000782280000)
  from space 16896K, 72% used [0x0000000783300000,0x0000000783eee680,0x0000000784380000)
  to   space 16896K, 0% used [0x0000000782280000,0x0000000782280000,0x0000000783300000)
 ParOldGen       total 137728K, used 22844K [0x00000006c0200000, 0x00000006c8880000, 0x000000076ab80000)
  object space 137728K, 16% used [0x00000006c0200000,0x00000006c184f078,0x00000006c8880000)
 Metaspace       used 44075K, capacity 44638K, committed 44800K, reserved 1089536K
  class space    used 5442K, capacity 5574K, committed 5632K, reserved 1048576K
Event: 19.475 GC heap after
Heap after GC invocations=9 (full 2):
 PSYoungGen      total 400896K, used 16872K [0x000000076ab80000, 0x0000000794180000, 0x00000007c0000000)
  eden space 384000K, 0% used [0x000000076ab80000,0x000000076ab80000,0x0000000782280000)
  from space 16896K, 99% used [0x0000000782280000,0x00000007832fa130,0x0000000783300000)
  to   space 39936K, 0% used [0x0000000791a80000,0x0000000791a80000,0x0000000794180000)
 ParOldGen       total 137728K, used 64103K [0x00000006c0200000, 0x00000006c8880000, 0x000000076ab80000)
  object space 137728K, 46% used [0x00000006c0200000,0x00000006c4099e60,0x00000006c8880000)
 Metaspace       used 44075K, capacity 44638K, committed 44800K, reserved 1089536K
  class space    used 5442K, capacity 5574K, committed 5632K, reserved 1048576K
}

