# JRE version: Java(TM) SE Runtime Environment (8.0_172-b11) (build 1.8.0_172-b11)
# Java VM: Java HotSpot(TM) 64-Bit Server VM (25.172-b11 mixed mode windows-amd64 compressed oops)
Heap:
 PSYoungGen      total 141824K, used 16295K [0x000000076ab80000, 0x0000000774080000, 0x00000007c0000000)
  eden space 131072K, 4% used [0x000000076ab80000,0x000000076b0ebd38,0x0000000772b80000)
  from space 10752K, 99% used [0x0000000773600000,0x000000077407e050,0x0000000774080000)
  to   space 10752K, 0% used [0x0000000772b80000,0x0000000772b80000,0x0000000773600000)
 ParOldGen       total 175104K, used 12445K [0x00000006c0200000, 0x00000006cad00000, 0x000000076ab80000)
  object space 175104K, 7% used [0x00000006c0200000,0x00000006c0e27500,0x00000006cad00000)
 Metaspace       used 19094K, capacity 19732K, committed 19968K, reserved 1067008K
  class space    used 2233K, capacity 2439K, committed 2560K, reserved 1048576K
GC Heap History (8 events):
Event: 1.707 GC heap before
{Heap before GC invocations=1 (full 0):
 PSYoungGen      total 76288K, used 65536K [0x000000076ab80000, 0x0000000770080000, 0x00000007c0000000)
  eden space 65536K, 100% used [0x000000076ab80000,0x000000076eb80000,0x000000076eb80000)
  from space 10752K, 0% used [0x000000076f600000,0x000000076f600000,0x0000000770080000)
  to   space 10752K, 0% used [0x000000076eb80000,0x000000076eb80000,0x000000076f600000)
 ParOldGen       total 175104K, used 0K [0x00000006c0200000, 0x00000006cad00000, 0x000000076ab80000)
  object space 175104K, 0% used [0x00000006c0200000,0x00000006c0200000,0x00000006cad00000)
 Metaspace       used 11717K, capacity 11972K, committed 12288K, reserved 1060864K
  class space    used 1441K, capacity 1477K, committed 1536K, reserved 1048576K
Event: 1.719 GC heap after
Heap after GC invocations=1 (full 0):
 PSYoungGen      total 76288K, used 9550K [0x000000076ab80000, 0x0000000770080000, 0x00000007c0000000)
  eden space 65536K, 0% used [0x000000076ab80000,0x000000076ab80000,0x000000076eb80000)
  from space 10752K, 88% used [0x000000076eb80000,0x000000076f4d3ac8,0x000000076f600000)
  to   space 10752K, 0% used [0x000000076f600000,0x000000076f600000,0x0000000770080000)
 ParOldGen       total 175104K, used 16K [0x00000006c0200000, 0x00000006cad00000, 0x000000076ab80000)
  object space 175104K, 0% used [0x00000006c0200000,0x00000006c0204000,0x00000006cad00000)
 Metaspace       used 11717K, capacity 11972K, committed 12288K, reserved 1060864K
  class space    used 1441K, capacity 1477K, committed 1536K, reserved 1048576K
}
Event: 2.939 GC heap before
{Heap before GC invocations=2 (full 0):
 PSYoungGen      total 76288K, used 75086K [0x000000076ab80000, 0x0000000770080000, 0x00000007c0000000)
  eden space 65536K, 100% used [0x000000076ab80000,0x000000076eb80000,0x000000076eb80000)
  from space 10752K, 88% used [0x000000076eb80000,0x000000076f4d3ac8,0x000000076f600000)
  to   space 10752K, 0% used [0x000000076f600000,0x000000076f600000,0x0000000770080000)
 ParOldGen       total 175104K, used 16K [0x00000006c0200000, 0x00000006cad00000, 0x000000076ab80000)
  object space 175104K, 0% used [0x00000006c0200000,0x00000006c0204000,0x00000006cad00000)
 Metaspace       used 15609K, capacity 15918K, committed 16128K, reserved 1062912K
  class space    used 1896K, capacity 2007K, committed 2048K, reserved 1048576K
Event: 2.956 GC heap after
Heap after GC invocations=2 (full 0):
 PSYoungGen      total 76288K, used 10722K [0x000000076ab80000, 0x0000000770080000, 0x00000007c0000000)
  eden space 65536K, 0% used [0x000000076ab80000,0x000000076ab80000,0x000000076eb80000)
  from space 10752K, 99% used [0x000000076f600000,0x0000000770078a18,0x0000000770080000)
  to   space 10752K, 0% used [0x000000076eb80000,0x000000076eb80000,0x000000076f600000)
 ParOldGen       total 175104K, used 2332K [0x00000006c0200000, 0x00000006cad00000, 0x000000076ab80000)
  object space 175104K, 1% used [0x00000006c0200000,0x00000006c0447110,0x00000006cad00000)
 Metaspace       used 15609K, capacity 15918K, committed 16128K, reserved 1062912K
  class space    used 1896K, capacity 2007K, committed 2048K, reserved 1048576K
}
Event: 4.371 GC heap before
{Heap before GC invocations=3 (full 0):
 PSYoungGen      total 76288K, used 76258K [0x000000076ab80000, 0x0000000770080000, 0x00000007c0000000)
  eden space 65536K, 100% used [0x000000076ab80000,0x000000076eb80000,0x000000076eb80000)
  from space 10752K, 99% used [0x000000076f600000,0x0000000770078a18,0x0000000770080000)
  to   space 10752K, 0% used [0x000000076eb80000,0x000000076eb80000,0x000000076f600000)
 ParOldGen       total 175104K, used 2332K [0x00000006c0200000, 0x00000006cad00000, 0x000000076ab80000)
  object space 175104K, 1% used [0x00000006c0200000,0x00000006c0447110,0x00000006cad00000)
 Metaspace       used 17419K, capacity 17866K, committed 18176K, reserved 1064960K
  class space    used 2054K, capacity 2187K, committed 2304K, reserved 1048576K
Event: 4.438 GC heap after
Heap after GC invocations=3 (full 0):
 PSYoungGen      total 76288K, used 10744K [0x000000076ab80000, 0x0000000774080000, 0x00000007c0000000)
  eden space 65536K, 0% used [0x000000076ab80000,0x000000076ab80000,0x000000076eb80000)
  from space 10752K, 99% used [0x000000076eb80000,0x000000076f5fe070,0x000000076f600000)
  to   space 10752K, 0% used [0x0000000773600000,0x0000000773600000,0x0000000774080000)
 ParOldGen       total 175104K, used 6178K [0x00000006c0200000, 0x00000006cad00000, 0x000000076ab80000)
  object space 175104K, 3% used [0x00000006c0200000,0x00000006c0808a20,0x00000006cad00000)
 Metaspace       used 17419K, capacity 17866K, committed 18176K, reserved 1064960K
  class space    used 2054K, capacity 2187K, committed 2304K, reserved 1048576K
}
Event: 5.721 GC heap before
{Heap before GC invocations=4 (full 0):
 PSYoungGen      total 76288K, used 76280K [0x000000076ab80000, 0x0000000774080000, 0x00000007c0000000)
  eden space 65536K, 100% used [0x000000076ab80000,0x000000076eb80000,0x000000076eb80000)
  from space 10752K, 99% used [0x000000076eb80000,0x000000076f5fe070,0x000000076f600000)
  to   space 10752K, 0% used [0x0000000773600000,0x0000000773600000,0x0000000774080000)
 ParOldGen       total 175104K, used 6178K [0x00000006c0200000, 0x00000006cad00000, 0x000000076ab80000)
  object space 175104K, 3% used [0x00000006c0200000,0x00000006c0808a20,0x00000006cad00000)
 Metaspace       used 19087K, capacity 19732K, committed 19968K, reserved 1067008K
  class space    used 2233K, capacity 2439K, committed 2560K, reserved 1048576K
Event: 5.764 GC heap after
Heap after GC invocations=4 (full 0):
 PSYoungGen      total 141824K, used 10744K [0x000000076ab80000, 0x0000000774080000, 0x00000007c0000000)
  eden space 131072K, 0% used [0x000000076ab80000,0x000000076ab80000,0x0000000772b80000)
  from space 10752K, 99% used [0x0000000773600000,0x000000077407e050,0x0000000774080000)
  to   space 10752K, 0% used [0x0000000772b80000,0x0000000772b80000,0x0000000773600000)
 ParOldGen       total 175104K, used 12445K [0x00000006c0200000, 0x00000006cad00000, 0x000000076ab80000)
  object space 175104K, 7% used [0x00000006c0200000,0x00000006c0e27500,0x00000006cad00000)
 Metaspace       used 19087K, capacity 19732K, committed 19968K, reserved 1067008K
  class space    used 2233K, capacity 2439K, committed 2560K, reserved 1048576K
}

